<?xml version="1.0" encoding="UTF-8"?>
<!-- Generated by org.testng.reporters.JUnitReportReporter -->
<testsuite hostname="Jagadish" failures="0" tests="4" name="runners.Test_runner_Login" time="20.790" errors="0" timestamp="2024-12-25T22:32:25 IST" skipped="0">
  <testcase classname="runners.Test_runner_Login" name="runScenario" time="5.227"/>
  <testcase classname="runners.Test_runner_Login" name="runScenario" time="6.302"/>
  <testcase classname="runners.Test_runner_Login" name="runScenario" time="4.017"/>
  <testcase classname="runners.Test_runner_Login" name="runScenario" time="5.244"/>
</testsuite> <!-- runners.Test_runner_Login -->
