<?xml version="1.0" encoding="UTF-8"?>
<!-- Generated by org.testng.reporters.JUnitReportReporter -->
<testsuite hostname="Jagadish" failures="0" tests="1" name="runners.Test_DemoBlaze_e2e_runner" time="17.576" errors="0" timestamp="2024-12-25T22:32:25 IST" skipped="0">
  <testcase classname="runners.Test_DemoBlaze_e2e_runner" name="runScenario" time="17.576"/>
</testsuite> <!-- runners.Test_DemoBlaze_e2e_runner -->
