<?xml version="1.0" encoding="UTF-8"?>
<!-- Generated by org.testng.reporters.JUnitReportReporter -->
<testsuite hostname="Jagadish" failures="0" tests="1" name="runners.Test_DemoBlaze_e2e_runner" time="15.530" errors="0" timestamp="2024-12-29T00:45:17 IST" skipped="0">
  <testcase classname="runners.Test_DemoBlaze_e2e_runner" name="runScenario" time="15.530"/>
</testsuite> <!-- runners.Test_DemoBlaze_e2e_runner -->
