<?xml version="1.0" encoding="UTF-8"?>
<!-- Generated by org.testng.reporters.JUnitReportReporter -->
<testsuite hostname="Jagadish" failures="0" tests="4" name="runners.Test_runner_Login" time="22.097" errors="0" timestamp="2024-12-29T00:45:17 IST" skipped="0">
  <testcase classname="runners.Test_runner_Login" name="runScenario" time="3.780"/>
  <testcase classname="runners.Test_runner_Login" name="runScenario" time="7.493"/>
  <testcase classname="runners.Test_runner_Login" name="runScenario" time="5.062"/>
  <testcase classname="runners.Test_runner_Login" name="runScenario" time="5.762"/>
</testsuite> <!-- runners.Test_runner_Login -->
