<?xml version="1.0" encoding="UTF-8"?>
<!-- Generated by org.testng.reporters.JUnitReportReporter -->
<testsuite hostname="Jagadish" failures="0" tests="8" name="runners.TestRunner" time="55.591" errors="0" timestamp="2024-12-22T00:26:57 IST" skipped="0">
  <testcase classname="runners.TestRunner" name="runScenario" time="4.458"/>
  <testcase classname="runners.TestRunner" name="runScenario" time="4.765"/>
  <testcase classname="runners.TestRunner" name="runScenario" time="9.822"/>
  <testcase classname="runners.TestRunner" name="runScenario" time="7.215"/>
  <testcase classname="runners.TestRunner" name="runScenario" time="6.666"/>
  <testcase classname="runners.TestRunner" name="runScenario" time="6.726"/>
  <testcase classname="runners.TestRunner" name="runScenario" time="6.551"/>
  <testcase classname="runners.TestRunner" name="runScenario" time="9.388"/>
</testsuite> <!-- runners.TestRunner -->
