<?xml version="1.0" encoding="UTF-8"?>
<!-- Generated by org.testng.reporters.JUnitReportReporter -->
<testsuite hostname="Jagadish" failures="0" tests="1" name="runners.Test_DemoBlaze_e2e_runner" time="21.901" errors="0" timestamp="2024-12-22T23:36:45 IST" skipped="0">
  <testcase classname="runners.Test_DemoBlaze_e2e_runner" name="runScenario" time="21.901"/>
</testsuite> <!-- runners.Test_DemoBlaze_e2e_runner -->
